<?xml version="1.0" encoding="UTF-8"?>
<!-- Generated by org.testng.reporters.JUnitReportReporter -->
<testsuite hostname="DESKTOP-QVM6J4J" failures="0" tests="1" name="com.Test.Test_1" time="7.711" errors="0" timestamp="2023-05-12T09:26:10 IST" skipped="0">
  <testcase classname="com.Test.Test_1" name="verifyTest_tc001" time="7.711"/>
  <system-out/>
</testsuite> <!-- com.Test.Test_1 -->
